19.07.2025 19:01:16.398 *DEBUG* [Apache Sling Repository Startup Thread #1] org.apache.jackrabbit.oak.query.stats.QueryRecorder count:	1	query:	/jcr:root//element(*,rep:ACE)[@rep:principalName='x'] order by jcr:path
19.07.2025 19:01:19.455 *DEBUG* [Apache Sling Repository Startup Thread #1] org.apache.jackrabbit.oak.query.stats.QueryRecorder count:	100	query:	/jcr:root//element(*,rep:ACE)[@rep:principalName='x'] order by jcr:path
19.07.2025 19:01:21.662 *DEBUG* [Apache Sling Repository Startup Thread #1] org.apache.jackrabbit.oak.query.stats.QueryRecorder count:	200	query:	/jcr:root//element(*,rep:ACE)[@rep:principalName='x'] order by jcr:path
19.07.2025 19:03:45.073 *DEBUG* [ResourceResolverFactory registration] org.apache.jackrabbit.oak.query.stats.QueryRecorder count:	1	query:	SELECT [sling:alias] FROM [nt:base] WHERE NOT isdescendantnode('x') AND [sling:alias] IS NOT NULL AND FIRST([sling:alias]) > 'x' ORDER BY FIRST([sling:alias])
19.07.2025 19:03:45.282 *DEBUG* [VanityPathInitializer] org.apache.jackrabbit.oak.query.stats.QueryRecorder count:	1	query:	SELECT [sling:vanityPath], [sling:redirect], [sling:redirectStatus] FROM [nt:base] WHERE NOT isdescendantnode('x') AND [sling:vanityPath] IS NOT NULL AND FIRST([sling:vanityPath]) > 'x' ORDER BY FIRST([sling:vanityPath])
19.07.2025 19:03:45.471 *DEBUG* [pool-5-thread-1] org.apache.jackrabbit.oak.query.stats.QueryRecorder count:	300	query:	/jcr:root//element(*,rep:ACE)[@rep:principalName='x'] order by jcr:path
19.07.2025 19:03:59.298 *DEBUG* [FelixStartLevel] org.apache.jackrabbit.oak.query.stats.QueryRecorder count:	1	query:	explain SELECT * FROM [nt:unstructured] WHERE ISDESCENDANTNODE('x')
19.07.2025 19:03:59.341 *DEBUG* [FelixStartLevel] org.apache.jackrabbit.oak.query.stats.QueryRecorder count:	1	query:	explain SELECT * FROM [nt:folder] WHERE ISDESCENDANTNODE('x')
19.07.2025 19:03:59.371 *DEBUG* [FelixStartLevel] org.apache.jackrabbit.oak.query.stats.QueryRecorder count:	1	query:	explain SELECT * FROM [dam:Asset]
19.07.2025 19:04:03.814 *DEBUG* [MSM Blueprint Bloomfilter Loader] org.apache.jackrabbit.oak.query.stats.QueryRecorder count:	1	query:	SELECT * FROM [nt:base] WHERE ISDESCENDANTNODE('x') AND [cq:master] IS NOT NULL
19.07.2025 19:04:04.353 *DEBUG* [Setup Initial Polling Configuration] org.apache.jackrabbit.oak.query.stats.QueryRecorder count:	1	query:	//element(*,cq:PollConfig)
19.07.2025 19:04:09.034 *DEBUG* [Setup Initial Exporter Configuration] org.apache.jackrabbit.oak.query.stats.QueryRecorder count:	1	query:	SELECT * FROM [cq:ExporterConfig]
19.07.2025 19:04:10.513 *DEBUG* [FelixStartLevel] org.apache.jackrabbit.oak.query.stats.QueryRecorder count:	1	query:	SELECT * FROM [cq:Page] AS p WHERE ISDESCENDANTNODE(p,'x') AND p.[jcr:path] LIKE 'x' ORDER BY [jcr:path]
19.07.2025 19:04:10.681 *DEBUG* [sling-event-processing-pool-1] org.apache.jackrabbit.oak.query.stats.QueryRecorder count:	1	query:	/jcr:root/content/*/jcr:content[@cq:deviceIdentificationMode]
19.07.2025 19:04:13.514 *DEBUG* [FelixStartLevel] org.apache.jackrabbit.oak.query.stats.QueryRecorder count:	1	query:	/jcr:root/etc/cloudservices/.../*[@jcr:primaryType ='x']
19.07.2025 19:04:18.990 *DEBUG* [FelixStartLevel] org.apache.jackrabbit.oak.query.stats.QueryRecorder count:	1	query:	SELECT * FROM [nt:base] AS s WHERE (ISDESCENDANTNODE('x')) AND s.[jcr:content/sling:resourceType]='x'
19.07.2025 19:04:21.324 *DEBUG* [sling-default-9-on-off-time-scheduler] org.apache.jackrabbit.oak.query.stats.QueryRecorder count:	1	query:	select [jcr:path], [jcr:score], * from [cq:PageContent] as a where isdescendantnode(a, 'x') and [onTime] >= cast('x' as date) and [onTime] <= cast('x' as date) union select [jcr:path], [jcr:score], * from [dam:AssetContent] as a where isdescendantnode(a, 'x') and [onTime] >= cast('x' as date) and [onTime] <= cast('x' as date) order by [onTime]
19.07.2025 19:04:21.369 *DEBUG* [sling-default-9-on-off-time-scheduler] org.apache.jackrabbit.oak.query.stats.QueryRecorder count:	1	query:	select [jcr:path], [jcr:score], * from [cq:PageContent] as a where isdescendantnode(a, 'x') and [offTime] >= cast('x' as date) and [offTime] <= cast('x' as date) union select [jcr:path], [jcr:score], * from [dam:AssetContent] as a where isdescendantnode(a, 'x') and [offTime] >= cast('x' as date) and [offTime] <= cast('x' as date) order by [offTime]
19.07.2025 19:04:21.616 *DEBUG* [PayloadMap Cache Updater Thread] org.apache.jackrabbit.oak.query.stats.QueryRecorder count:	1	query:	select [jcr:path], [jcr:score], * from [cq:Workflow] as a where  [status] = 'x' and isdescendantnode(a, 'x') option(traversal fail)
19.07.2025 19:04:21.633 *DEBUG* [PayloadMap Cache Updater Thread] org.apache.jackrabbit.oak.query.stats.QueryRecorder count:	1	query:	/jcr:root//element(*,cq:Workflow)[@status='x'] order by @startTime descending
19.07.2025 19:04:22.534 *DEBUG* [FelixStartLevel] org.apache.jackrabbit.oak.query.stats.QueryRecorder count:	1	query:	/jcr:root/var/eventing/.../element(*,slingevent:Job)[@event.job.topic = 'x' and not(@slingevent:finishedState)] order by @slingevent:created ascending
19.07.2025 19:04:25.403 *DEBUG* [sling-default-4-ResourceBundleProvider: reload all resource bundles] org.apache.jackrabbit.oak.query.stats.QueryRecorder count:	1	query:	//element(*,mix:language)[@jcr:language]
19.07.2025 19:04:48.612 *DEBUG* [sling-threadpool-4f1eef30-5f75-41b3-becf-7d6d13586869-(apache-sling-job-thread-pool)-1-<main queue>(com/adobe/cq/dam/collectionUpdate)] org.apache.jackrabbit.oak.query.stats.QueryRecorder count:	1	query:	select * from [nt:unstructured] as a where [sling:resourceSuperType] = 'x' and isdescendantnode(a, 'x') and not isdescendantnode(a,'x')
