Loading quickstart properties: default
Loading quickstart properties: instance
Quickstart startup at Sat Jul 19 19:00:36 CEST 2025
UpgradeUtil.handleInstallAndUpgrade has mode INSTALL
19.07.2025 19:00:37.972 *INFO * [main] Setting sling.home=C:\Users\chia-ju.lin\IdeaProjects\winnsurf\wknd\crx-quickstart (command line)
19.07.2025 19:00:37.972 *INFO * [main] Starting Apache Sling in C:\Users\chia-ju.lin\IdeaProjects\winnsurf\wknd\crx-quickstart
19.07.2025 19:00:37.974 *INFO * [main] Sling  Extension Lib Home : C:\Users\chia-ju.lin\IdeaProjects\winnsurf\wknd\crx-quickstart\launchpad\ext
19.07.2025 19:00:37.974 *INFO * [main] Checking launcher JAR in folder C:\Users\chia-ju.lin\IdeaProjects\winnsurf\wknd\crx-quickstart\launchpad
19.07.2025 19:00:37.985 *INFO * [main] Installing new launcher: jar:file:/C:/Users/chia-ju.lin/IdeaProjects/winnsurf/wknd/crx-quickstart/app/cq-quickstart-cloudready-2024.6.16799.20240614T073455Z-240500-standalone-quickstart.jar!/resources/org.apache.sling.launchpad.base.jar, 7.0.5.2_7_8 (org.apache.sling.launchpad.base.jar.1752944437985)
19.07.2025 19:00:37.985 *INFO * [main] Loading launcher class org.apache.sling.launchpad.base.app.MainDelegate from org.apache.sling.launchpad.base.jar.1752944437985
19.07.2025 19:00:37.985 *INFO * [main] External Libs Home (ext) is null or does not exists.
19.07.2025 19:00:37.993 *INFO * [main] Setting sling.properties=conf/sling.properties
19.07.2025 19:00:37.993 *INFO * [main] Setting sling.home=C:\Users\chia-ju.lin\IdeaProjects\winnsurf\wknd\crx-quickstart
19.07.2025 19:00:37.993 *INFO * [main] Setting sling.launchpad=C:\Users\chia-ju.lin\IdeaProjects\winnsurf\wknd\crx-quickstart\launchpad
19.07.2025 19:00:37.993 *INFO * [main] Setting org.osgi.service.http.port=4502
19.07.2025 19:00:37.993 *INFO * [main] Starting launcher ...
19.07.2025 19:00:38.008 *INFO * [main] HTTP server port: 4502
19.07.2025 19:00:39.989 *INFO* [FelixLogListener] Events.Service.org.apache.sling.commons.metrics Service [Apache Sling Metrics Registry,36, [com.codahale.metrics.MetricRegistry]] ServiceEvent REGISTERED
19.07.2025 19:00:39.990 *INFO* [FelixLogListener] Events.Bundle.org.apache.sling.commons.metrics BundleEvent STARTED
19.07.2025 19:00:39.995 *INFO* [FelixLogListener] Events.Bundle.org.apache.sling.feature BundleEvent RESOLVED
19.07.2025 19:00:39.995 *INFO* [FelixLogListener] Events.Bundle.org.apache.sling.feature BundleEvent STARTED
19.07.2025 19:00:44.025 *INFO * [main] Startup completed
19.07.2025 19:00:45.016 *INFO* [OsgiInstallerImpl] org.apache.sling.audit.osgi.installer Installed configuration org.apache.sling.commons.log.LogManager.factory.config~queryrecorder.log from resource TaskResource(url=launchpad:resources/config/org.apache.sling.commons.log.LogManager.factory.config-queryrecorder.log.config, entity=config:org.apache.sling.commons.log.LogManager.factory.config~queryrecorder.log, state=INSTALL, attributes=[org.apache.sling.installer.api.tasks.ResourceTransformer=:43:, service.factoryPid=org.apache.sling.commons.log.LogManager.factory.config, service.pid=queryrecorder.log], digest=54ec47e919200b523465d13a2bc8a982)
19.07.2025 19:00:45.021 *INFO* [OsgiInstallerImpl] org.apache.sling.audit.osgi.installer Installed configuration org.apache.sling.commons.log.LogManager.factory.config~request.log from resource TaskResource(url=launchpad:resources/config/org.apache.sling.commons.log.LogManager.factory.config-request.log.config, entity=config:org.apache.sling.commons.log.LogManager.factory.config~request.log, state=INSTALL, attributes=[org.apache.sling.installer.api.tasks.ResourceTransformer=:43:, service.factoryPid=org.apache.sling.commons.log.LogManager.factory.config, service.pid=request.log], digest=3d0da01d2b37c52e7be05bc96e365c7f)
19.07.2025 19:00:45.024 *INFO* [OsgiInstallerImpl] org.apache.sling.audit.osgi.installer Installed configuration org.apache.sling.commons.log.LogManager.factory.writer~access.log from resource TaskResource(url=launchpad:resources/config/org.apache.sling.commons.log.LogManager.factory.writer-access.log.config, entity=config:org.apache.sling.commons.log.LogManager.factory.writer~access.log, state=INSTALL, attributes=[org.apache.sling.installer.api.tasks.ResourceTransformer=:43:, service.factoryPid=org.apache.sling.commons.log.LogManager.factory.writer, service.pid=access.log], digest=580bd81a4d62beca378a0e5ed41d7b7d)
19.07.2025 19:00:45.029 *INFO* [OsgiInstallerImpl] org.apache.sling.audit.osgi.installer Installed configuration org.apache.sling.commons.log.LogManager.factory.writer~audit.log from resource TaskResource(url=launchpad:resources/config/org.apache.sling.commons.log.LogManager.factory.writer-audit.log.config, entity=config:org.apache.sling.commons.log.LogManager.factory.writer~audit.log, state=INSTALL, attributes=[org.apache.sling.installer.api.tasks.ResourceTransformer=:43:, service.factoryPid=org.apache.sling.commons.log.LogManager.factory.writer, service.pid=audit.log], digest=da2ebb57ffa4ed13e7023806b165f72e)
19.07.2025 19:00:45.034 *INFO* [OsgiInstallerImpl] org.apache.sling.audit.osgi.installer Installed configuration org.apache.sling.commons.log.LogManager.factory.writer~request.log from resource TaskResource(url=launchpad:resources/config/org.apache.sling.commons.log.LogManager.factory.writer-request.log.config, entity=config:org.apache.sling.commons.log.LogManager.factory.writer~request.log, state=INSTALL, attributes=[org.apache.sling.installer.api.tasks.ResourceTransformer=:43:, service.factoryPid=org.apache.sling.commons.log.LogManager.factory.writer, service.pid=request.log], digest=f7685e57bdbf60782630e948fcd65115)
19.07.2025 19:00:45.037 *INFO* [OsgiInstallerImpl] org.apache.sling.audit.osgi.installer Installed configuration org.apache.sling.commons.log.LogManager.factory.writer~upgrade.config from resource TaskResource(url=launchpad:resources/config/org.apache.sling.commons.log.LogManager.factory.writer-upgrade.config.config, entity=config:org.apache.sling.commons.log.LogManager.factory.writer~upgrade.config, state=INSTALL, attributes=[org.apache.sling.installer.api.tasks.ResourceTransformer=:43:, service.factoryPid=org.apache.sling.commons.log.LogManager.factory.writer, service.pid=upgrade.config], digest=c71ceefe46ecd22a944fc2d54310e218)
19.07.2025 19:00:45.043 *INFO* [OsgiInstallerImpl] org.apache.sling.audit.osgi.installer Installed configuration org.apache.sling.commons.metrics.internal.JmxExporterFactory~jetty-threadpool from resource TaskResource(url=launchpad:resources/config/org.apache.sling.commons.metrics.internal.JmxExporterFactory-jetty-threadpool.config, entity=config:org.apache.sling.commons.metrics.internal.JmxExporterFactory~jetty-threadpool, state=INSTALL, attributes=[org.apache.sling.installer.api.tasks.ResourceTransformer=:43:, service.factoryPid=org.apache.sling.commons.metrics.internal.JmxExporterFactory, service.pid=jetty-threadpool], digest=77681ca2be9b2c7abdd5c29fc437ef0b)
19.07.2025 19:00:45.051 *INFO* [OsgiInstallerImpl] org.apache.sling.audit.osgi.installer Installed configuration org.apache.sling.commons.metrics.rrd4j.impl.CodahaleMetricsReporter from resource TaskResource(url=launchpad:resources/config/org.apache.sling.commons.metrics.rrd4j.impl.CodahaleMetricsReporter.config, entity=config:org.apache.sling.commons.metrics.rrd4j.impl.CodahaleMetricsReporter, state=INSTALL, attributes=[org.apache.sling.installer.api.tasks.ResourceTransformer=:43:, service.pid=org.apache.sling.commons.metrics.rrd4j.impl.CodahaleMetricsReporter], digest=d55edd738928ed22b1cb9f40d67f96f)
19.07.2025 19:00:45.058 *INFO* [OsgiInstallerImpl] org.apache.sling.audit.osgi.installer Installed configuration org.apache.sling.commons.mime.internal.MimeTypeServiceImpl from resource TaskResource(url=launchpad:resources/config/org.apache.sling.commons.mime.internal.MimeTypeServiceImpl.config, entity=config:org.apache.sling.commons.mime.internal.MimeTypeServiceImpl, state=INSTALL, attributes=[org.apache.sling.installer.api.tasks.ResourceTransformer=:43:, service.pid=org.apache.sling.commons.mime.internal.MimeTypeServiceImpl], digest=8afcd55289d2858aa659f69ae1e065fc)
19.07.2025 19:00:45.069 *INFO* [OsgiInstallerImpl] org.apache.sling.audit.osgi.installer Installed configuration org.apache.sling.commons.threads.impl.DefaultThreadPool.factory~cq-asset-processing from resource TaskResource(url=launchpad:resources/config/org.apache.sling.commons.threads.impl.DefaultThreadPool.factory-cq-asset-processing.config, entity=config:org.apache.sling.commons.threads.impl.DefaultThreadPool.factory~cq-asset-processing, state=INSTALL, attributes=[org.apache.sling.installer.api.tasks.ResourceTransformer=:43:, service.factoryPid=org.apache.sling.commons.threads.impl.DefaultThreadPool.factory, service.pid=cq-asset-processing], digest=f16c63b052586e3bb720d4fbad6b51f3)
19.07.2025 19:00:45.071 *INFO* [OsgiInstallerImpl] org.apache.sling.audit.osgi.installer Installed configuration org.apache.sling.commons.threads.impl.DefaultThreadPool.factory~cq-fill-cache from resource TaskResource(url=launchpad:resources/config/org.apache.sling.commons.threads.impl.DefaultThreadPool.factory-cq-fill-cache.config, entity=config:org.apache.sling.commons.threads.impl.DefaultThreadPool.factory~cq-fill-cache, state=INSTALL, attributes=[org.apache.sling.installer.api.tasks.ResourceTransformer=:43:, service.factoryPid=org.apache.sling.commons.threads.impl.DefaultThreadPool.factory, service.pid=cq-fill-cache], digest=676c0f8fb264e9a75d6848070f270d7e)
19.07.2025 19:00:45.074 *INFO* [OsgiInstallerImpl] org.apache.sling.audit.osgi.installer Installed configuration org.apache.sling.commons.threads.impl.DefaultThreadPool.factory~cq-polling-importer from resource TaskResource(url=launchpad:resources/config/org.apache.sling.commons.threads.impl.DefaultThreadPool.factory-cq-polling-importer.config, entity=config:org.apache.sling.commons.threads.impl.DefaultThreadPool.factory~cq-polling-importer, state=INSTALL, attributes=[org.apache.sling.installer.api.tasks.ResourceTransformer=:43:, service.factoryPid=org.apache.sling.commons.threads.impl.DefaultThreadPool.factory, service.pid=cq-polling-importer], digest=bcc53ef50ac7a75afebd015afe94d402)
19.07.2025 19:00:45.078 *INFO* [OsgiInstallerImpl] org.apache.sling.audit.osgi.installer Installed configuration org.apache.sling.commons.threads.impl.DefaultThreadPool.factory~default from resource TaskResource(url=launchpad:resources/config/org.apache.sling.commons.threads.impl.DefaultThreadPool.factory-default.config, entity=config:org.apache.sling.commons.threads.impl.DefaultThreadPool.factory~default, state=INSTALL, attributes=[org.apache.sling.installer.api.tasks.ResourceTransformer=:43:, service.factoryPid=org.apache.sling.commons.threads.impl.DefaultThreadPool.factory, service.pid=default], digest=2287c35dbb75a16b08821c3684f0278d)
ESAPI: WARNING: System property [org.owasp.esapi.opsteam] is not set
ESAPI: WARNING: System property [org.owasp.esapi.devteam] is not set
ESAPI: Attempting to load ESAPI.properties via file I/O.
ESAPI: Attempting to load ESAPI.properties as resource file via file I/O.
ESAPI: Not found in 'org.owasp.esapi.resources' directory or file not readable: C:\Users\chia-ju.lin\IdeaProjects\winnsurf\wknd\ESAPI.properties
ESAPI: Not found in SystemResource Directory/resourceDirectory: .esapi\ESAPI.properties
ESAPI: Not found in 'user.home' (C:\Users\chia-ju.lin) directory: C:\Users\chia-ju.lin\esapi\ESAPI.properties
ESAPI: Loading ESAPI.properties via file I/O failed. Exception was: java.io.FileNotFoundException
ESAPI: Attempting to load ESAPI.properties via the classpath.
ESAPI: SUCCESSFULLY LOADED ESAPI.properties via the CLASSPATH from '/ (root)' using class loader for DefaultSecurityConfiguration class!
ESAPI: SecurityConfiguration for Validator.ConfigurationFile.MultiValued not found in ESAPI.properties. Using default: false
ESAPI: Attempting to load validation.properties via file I/O.
ESAPI: Attempting to load validation.properties as resource file via file I/O.
ESAPI: Not found in 'org.owasp.esapi.resources' directory or file not readable: C:\Users\chia-ju.lin\IdeaProjects\winnsurf\wknd\validation.properties
ESAPI: Not found in SystemResource Directory/resourceDirectory: .esapi\validation.properties
ESAPI: Not found in 'user.home' (C:\Users\chia-ju.lin) directory: C:\Users\chia-ju.lin\esapi\validation.properties
ESAPI: Loading validation.properties via file I/O failed.
ESAPI: Attempting to load validation.properties via the classpath.
ESAPI: SUCCESSFULLY LOADED validation.properties via the CLASSPATH from '/ (root)' using class loader for DefaultSecurityConfiguration class!
