f829ee93-195b-4475-ac7a-c7b60f521ce2:2515 root 1752944473672
60ab9770-c940-47e7-adfc-a4613ccfbac3:3683 root 1752944478692
458091b5-300e-421c-adb3-de0ec0fe9392:6314 root 1752944483719
29bffcce-5af5-4bde-a790-64154cbdce26:3562 root 1752944488741
d50209e8-bccd-4954-a5f3-f9e261afa8ad:3342 root 1752944493759
ae4f6ffe-f7a8-4efa-a44e-a87565ab704e:1486 root 1752944498777
8ce578d7-3869-4ea1-aa18-9481018b0a0f:610 root 1752944503799
9be7c006-5847-492d-ad37-a3ff57bfe958:4494 root 1752944508807
8634beab-f26e-409b-a051-80b2562c152f:4853 root 1752944513821
5587df1d-b76b-499c-a8d7-958e9836f7d8:1734 root 1752944518834
e3ad6a0c-a5d4-4ee7-ad0f-4d3ee6151e40:1340 root 1752944523855
4ee9841a-f4cc-4c82-a1c5-485c662e4924:350 root 1752944528868
7e784c9d-6e2e-4c09-af71-728e941beef3:4681 root 1752944533876
8e146dc4-6713-49f1-a456-f3444b7b1a3f:4489 root 1752944538899
525376fe-df03-4cb7-a4c3-14d2d4d9e192:5145 root 1752944543911
0f4a0a26-b9ee-4d32-a150-22394b182e77:4043 root 1752944548917
80eaa82f-bcce-4202-ae06-b4d41904104e:4280 root 1752944553935
fe7f8aa0-4cd4-468f-af3b-c8b9d7a2a0a2:2625 root 1752944558954
e4c0a142-5a37-4002-a86a-d8e1e7308c48:3613 root 1752944563965
4167d53d-3835-46c0-a801-feb857a4c3fb:495 root 1752944568970
a6b33b52-ff4f-424d-a60a-7f5d0fc85f85:6117 root 1752944573988
3af6549a-5c63-4c4a-aa44-f29c20f32191:259 root 1752944578999
e85e675a-1eeb-405b-afb7-a9079bbd9634:1035 root 1752944584022
05b8c166-fa35-4a0b-a3e3-0698951a9c98:1210 root 1752944589029
9c470a4c-b858-47ff-a724-1cf333ddf177:6864 root 1752944594054
c3668a50-5190-4140-a74b-b7f0ee1f382c:4421 root 1752944599075
2228b011-7743-4d39-aceb-124b88b91549:776 root 1752944604091
f0ad8eeb-b8ca-4e11-a1cb-b162e985038d:176 root 1752944609095
08ea1052-fd37-4503-a715-c2ff9371b68f:3994 root 1752944614101
8d054e92-b054-4c50-ae2a-33f10b305bfc:3754 root 1752944619118
5a6482fb-c50b-4a2b-a0b3-14f54500f8f2:4191 root 1752944624123
c87bc9d9-e666-455e-ac14-fb0b01463dee:192 root 1752944629139
413a86f0-fbac-457a-a9a9-abc6f66bb416:34 root 1752944634153
a3344db9-2bad-4de2-a1af-a0bacacd0513:748 root 1752944639165
518b029d-e516-4f05-a71d-9b7666582840:4367 root 1752944644171
0d29721c-606a-4881-acb8-7783f0b91de7:619 root 1752944649174
312b30d2-aa1b-4d4b-ae56-6c4f8934fdb9:61 root 1752944654181
1fbd7a12-a63f-4be6-a5ac-12138ab07bac:485 root 1752944659198
75099a37-0a29-47c7-af65-80e69e6809bc:2067 root 1752944664228
a4ffbff6-6643-4233-a506-174d59e8a7df:84 root 1752944669257
3730d569-84b5-4467-abfe-6458ee7263c0:48 root 1752944674274
8322a5a3-d22a-4ade-ad8d-b4e9940361d3:330 root 1752944679279
3d1ee56d-db30-4c2b-a973-3293f4299557:117 root 1752944684291
6963c3c7-d63a-4099-a313-bd0967d52a95:156 root 1752944689295
e4f62e6c-1ba1-46fd-a260-2ef8c3601f8a:222 root 1752944694304
